<?xml version="1.0" encoding="UTF-8"?>
<testsuite xmlns:xsi="http://www.w3.org/2001/XMLSchema-instance" xsi:noNamespaceSchemaLocation="https://maven.apache.org/surefire/maven-surefire-plugin/xsd/surefire-test-report.xsd" name="calculator.attackBonusTests" time="0.137" tests="5" errors="3" skipped="0" failures="0">
  <properties>
    <property name="java.specification.version" value="21"/>
    <property name="sun.cpu.isalist" value="amd64"/>
    <property name="sun.jnu.encoding" value="Cp1252"/>
    <property name="java.class.path" value="c:\Users\tighe\Documents\GitHub\bonusCalculator\bonusCalculator\bonus_calculator\target\test-classes;c:\Users\tighe\Documents\GitHub\bonusCalculator\bonusCalculator\bonus_calculator\target\classes;C:\Users\tighe\.m2\repository\org\mockito\mockito-all\2.0.2-beta\mockito-all-2.0.2-beta.jar;C:\Users\tighe\.m2\repository\com\fasterxml\jackson\core\jackson-databind\2.17.2\jackson-databind-2.17.2.jar;C:\Users\tighe\.m2\repository\com\fasterxml\jackson\core\jackson-annotations\2.17.2\jackson-annotations-2.17.2.jar;C:\Users\tighe\.m2\repository\com\fasterxml\jackson\core\jackson-core\2.17.2\jackson-core-2.17.2.jar;C:\Users\tighe\.m2\repository\junit\junit\4.11\junit-4.11.jar;C:\Users\tighe\.m2\repository\org\hamcrest\hamcrest-core\1.3\hamcrest-core-1.3.jar;"/>
    <property name="java.vm.vendor" value="Oracle Corporation"/>
    <property name="sun.arch.data.model" value="64"/>
    <property name="user.variant" value=""/>
    <property name="java.vendor.url" value="https://java.oracle.com/"/>
    <property name="user.timezone" value="America/Chicago"/>
    <property name="os.name" value="Windows 11"/>
    <property name="java.vm.specification.version" value="21"/>
    <property name="sun.java.launcher" value="SUN_STANDARD"/>
    <property name="user.country" value="US"/>
    <property name="sun.boot.library.path" value="C:\Users\tighe\Documents\OpenJDK-21\bin"/>
    <property name="sun.java.command" value="C:\Users\tighe\AppData\Local\Temp\surefire9645203014212953732\surefirebooter14754588093647823989.jar C:\Users\tighe\AppData\Local\Temp\surefire9645203014212953732 2024-08-01T11-17-45_824-jvmRun1 surefire12637947265936727940tmp surefire_08821869639880286319tmp"/>
    <property name="jdk.debug" value="release"/>
    <property name="surefire.test.class.path" value="c:\Users\tighe\Documents\GitHub\bonusCalculator\bonusCalculator\bonus_calculator\target\test-classes;c:\Users\tighe\Documents\GitHub\bonusCalculator\bonusCalculator\bonus_calculator\target\classes;C:\Users\tighe\.m2\repository\org\mockito\mockito-all\2.0.2-beta\mockito-all-2.0.2-beta.jar;C:\Users\tighe\.m2\repository\com\fasterxml\jackson\core\jackson-databind\2.17.2\jackson-databind-2.17.2.jar;C:\Users\tighe\.m2\repository\com\fasterxml\jackson\core\jackson-annotations\2.17.2\jackson-annotations-2.17.2.jar;C:\Users\tighe\.m2\repository\com\fasterxml\jackson\core\jackson-core\2.17.2\jackson-core-2.17.2.jar;C:\Users\tighe\.m2\repository\junit\junit\4.11\junit-4.11.jar;C:\Users\tighe\.m2\repository\org\hamcrest\hamcrest-core\1.3\hamcrest-core-1.3.jar;"/>
    <property name="sun.cpu.endian" value="little"/>
    <property name="user.home" value="C:\Users\tighe"/>
    <property name="user.language" value="en"/>
    <property name="java.specification.vendor" value="Oracle Corporation"/>
    <property name="java.version.date" value="2024-01-16"/>
    <property name="java.home" value="C:\Users\tighe\Documents\OpenJDK-21"/>
    <property name="file.separator" value="\"/>
    <property name="basedir" value="c:\Users\tighe\Documents\GitHub\bonusCalculator\bonusCalculator\bonus_calculator"/>
    <property name="java.vm.compressedOopsMode" value="Zero based"/>
    <property name="line.separator" value="&#10;"/>
    <property name="java.vm.specification.vendor" value="Oracle Corporation"/>
    <property name="java.specification.name" value="Java Platform API Specification"/>
    <property name="surefire.real.class.path" value="C:\Users\tighe\AppData\Local\Temp\surefire9645203014212953732\surefirebooter14754588093647823989.jar"/>
    <property name="user.script" value=""/>
    <property name="sun.management.compiler" value="HotSpot 64-Bit Tiered Compilers"/>
    <property name="java.runtime.version" value="21.0.2+13-58"/>
    <property name="user.name" value="tighe"/>
    <property name="stdout.encoding" value="Cp1252"/>
    <property name="path.separator" value=";"/>
    <property name="os.version" value="10.0"/>
    <property name="java.runtime.name" value="OpenJDK Runtime Environment"/>
    <property name="file.encoding" value="UTF-8"/>
    <property name="java.vm.name" value="OpenJDK 64-Bit Server VM"/>
    <property name="localRepository" value="C:\Users\tighe\.m2\repository"/>
    <property name="java.vendor.url.bug" value="https://bugreport.java.com/bugreport/"/>
    <property name="java.io.tmpdir" value="C:\Users\tighe\AppData\Local\Temp\"/>
    <property name="java.version" value="21.0.2"/>
    <property name="user.dir" value="c:\Users\tighe\Documents\GitHub\bonusCalculator\bonusCalculator\bonus_calculator"/>
    <property name="os.arch" value="amd64"/>
    <property name="java.vm.specification.name" value="Java Virtual Machine Specification"/>
    <property name="sun.os.patch.level" value=""/>
    <property name="native.encoding" value="Cp1252"/>
    <property name="java.library.path" value="C:\Users\tighe\Documents\OpenJDK-21\bin;C:\Windows\Sun\Java\bin;C:\Windows\system32;C:\Windows;C:\Program Files (x86)\Razer\ChromaBroadcast\bin;C:\Program Files\Razer\ChromaBroadcast\bin;C:\Windows\system32;C:\Windows;C:\Windows\System32\Wbem;C:\Windows\System32\WindowsPowerShell\v1.0\;C:\Windows\System32\OpenSSH\;C:\Program Files (x86)\NVIDIA Corporation\PhysX\Common;C:\Program Files\NVIDIA Corporation\NVIDIA NvDLISR;C:\Windows\system32\config\systemprofile\AppData\Local\Microsoft\WindowsApps;C:\Program Files\dotnet\;C:\Program Files\Microsoft SQL Server\150\Tools\Binn\;C:\Program Files\Microsoft SQL Server\Client SDK\ODBC\170\Tools\Binn\;C:\Users\tighe\AppData\Local\Microsoft\WindowsApps;C:\Users\tighe\AppData\Local\GitHubDesktop\bin;C:\Users\tighe\AppData\Local\Programs\Microsoft VS Code\bin;C:\Users\tighe\.dotnet\tools;."/>
    <property name="java.vm.info" value="mixed mode, sharing"/>
    <property name="stderr.encoding" value="Cp1252"/>
    <property name="java.vendor" value="Oracle Corporation"/>
    <property name="java.vm.version" value="21.0.2+13-58"/>
    <property name="sun.io.unicode.encoding" value="UnicodeLittle"/>
    <property name="java.class.version" value="65.0"/>
  </properties>
  <testcase name="attackModifierDropdown" classname="calculator.attackBonusTests" time="0.091">
    <error type="java.lang.ExceptionInInitializerError">java.lang.ExceptionInInitializerError
	at calculator.attackBonusTests.attackModifierDropdown(attackBonusTests.java:55)
Caused by: java.lang.reflect.InaccessibleObjectException: Unable to make protected final java.lang.Class java.lang.ClassLoader.defineClass(java.lang.String,byte[],int,int,java.security.ProtectionDomain) throws java.lang.ClassFormatError accessible: module java.base does not "opens java.lang" to unnamed module @3ecf72fd
	at calculator.attackBonusTests.attackModifierDropdown(attackBonusTests.java:55)
</error>
  </testcase>
  <testcase name="attackModifierReturnFalse" classname="calculator.attackBonusTests" time="0.001">
    <error message="Could not initialize class org.mockito.internal.creation.cglib.ClassImposterizer$3" type="java.lang.NoClassDefFoundError">java.lang.NoClassDefFoundError: Could not initialize class org.mockito.internal.creation.cglib.ClassImposterizer$3
	at calculator.attackBonusTests.attackModifierReturnFalse(attackBonusTests.java:43)
Caused by: java.lang.ExceptionInInitializerError: Exception java.lang.ExceptionInInitializerError [in thread "main"]
	at calculator.attackBonusTests.attackModifierDropdown(attackBonusTests.java:55)
</error>
  </testcase>
  <testcase name="calculatorString" classname="calculator.attackBonusTests" time="0.01"/>
  <testcase name="attackModifierReturn" classname="calculator.attackBonusTests" time="0.001"/>
  <testcase name="attackModifierReturnTrue" classname="calculator.attackBonusTests" time="0">
    <error message="Could not initialize class org.mockito.internal.creation.cglib.ClassImposterizer$3" type="java.lang.NoClassDefFoundError">java.lang.NoClassDefFoundError: Could not initialize class org.mockito.internal.creation.cglib.ClassImposterizer$3
	at calculator.attackBonusTests.attackModifierReturnTrue(attackBonusTests.java:31)
Caused by: java.lang.ExceptionInInitializerError: Exception java.lang.ExceptionInInitializerError [in thread "main"]
	at calculator.attackBonusTests.attackModifierDropdown(attackBonusTests.java:55)
</error>
  </testcase>
</testsuite>